? Cosmos DB not configured. Ticketing will use in-memory storage (data will be lost on restart).
? Guest profiles will use in-memory storage
(node:20372) [MONGODB DRIVER] Warning: useNewUrlParser is a deprecated option: useNewUrlParser has no effect since Node.js Driver version 4.0.0 and will be removed in the next major version
(Use `node --trace-warnings ...` to show where the warning was created)
(node:20372) [MONGODB DRIVER] Warning: useUnifiedTopology is a deprecated option: useUnifiedTopology has no effect since Node.js Driver version 4.0.0 and will be removed in the next major version
GET /api/tickets/:id error: CastError: Cast to ObjectId failed for value "admin" (type string) at path "_id" for model "Ticket"
    at SchemaObjectId.cast (C:\Users\jakeg\OneDrive\Documents\Dev\IMT598C\aibotversion2\node_modules\mongoose\lib\schema\objectId.js:253:11)
    at SchemaType.applySetters (C:\Users\jakeg\OneDrive\Documents\Dev\IMT598C\aibotversion2\node_modules\mongoose\lib\schemaType.js:1288:12)
    at SchemaType.castForQuery (C:\Users\jakeg\OneDrive\Documents\Dev\IMT598C\aibotversion2\node_modules\mongoose\lib\schemaType.js:1724:17)
    at cast (C:\Users\jakeg\OneDrive\Documents\Dev\IMT598C\aibotversion2\node_modules\mongoose\lib\cast.js:390:32)
    at Query.cast (C:\Users\jakeg\OneDrive\Documents\Dev\IMT598C\aibotversion2\node_modules\mongoose\lib\query.js:5060:12)
    at Query._castConditions (C:\Users\jakeg\OneDrive\Documents\Dev\IMT598C\aibotversion2\node_modules\mongoose\lib\query.js:2374:10)
    at model.Query._findOne (C:\Users\jakeg\OneDrive\Documents\Dev\IMT598C\aibotversion2\node_modules\mongoose\lib\query.js:2697:8)
    at model.Query.exec (C:\Users\jakeg\OneDrive\Documents\Dev\IMT598C\aibotversion2\node_modules\mongoose\lib\query.js:4627:80)
    at process.processTicksAndRejections (node:internal/process/task_queues:103:5)
    at async C:\Users\jakeg\OneDrive\Documents\Dev\IMT598C\aibotversion2\routes\tickets.js:36:15
GET /api/tickets/:id error: CastError: Cast to ObjectId failed for value "TKT-1763619325425-381" (type string) at path "_id" for model "Ticket"
    at SchemaObjectId.cast (C:\Users\jakeg\OneDrive\Documents\Dev\IMT598C\aibotversion2\node_modules\mongoose\lib\schema\objectId.js:253:11)
    at SchemaType.applySetters (C:\Users\jakeg\OneDrive\Documents\Dev\IMT598C\aibotversion2\node_modules\mongoose\lib\schemaType.js:1288:12)
    at SchemaType.castForQuery (C:\Users\jakeg\OneDrive\Documents\Dev\IMT598C\aibotversion2\node_modules\mongoose\lib\schemaType.js:1724:17)
    at cast (C:\Users\jakeg\OneDrive\Documents\Dev\IMT598C\aibotversion2\node_modules\mongoose\lib\cast.js:390:32)
    at Query.cast (C:\Users\jakeg\OneDrive\Documents\Dev\IMT598C\aibotversion2\node_modules\mongoose\lib\query.js:5060:12)
    at Query._castConditions (C:\Users\jakeg\OneDrive\Documents\Dev\IMT598C\aibotversion2\node_modules\mongoose\lib\query.js:2374:10)
    at model.Query._findOne (C:\Users\jakeg\OneDrive\Documents\Dev\IMT598C\aibotversion2\node_modules\mongoose\lib\query.js:2697:8)
    at model.Query.exec (C:\Users\jakeg\OneDrive\Documents\Dev\IMT598C\aibotversion2\node_modules\mongoose\lib\query.js:4627:80)
    at process.processTicksAndRejections (node:internal/process/task_queues:103:5)
    at async C:\Users\jakeg\OneDrive\Documents\Dev\IMT598C\aibotversion2\routes\tickets.js:36:15
GET /api/tickets/:id error: CastError: Cast to ObjectId failed for value "admin" (type string) at path "_id" for model "Ticket"
    at SchemaObjectId.cast (C:\Users\jakeg\OneDrive\Documents\Dev\IMT598C\aibotversion2\node_modules\mongoose\lib\schema\objectId.js:253:11)
    at SchemaType.applySetters (C:\Users\jakeg\OneDrive\Documents\Dev\IMT598C\aibotversion2\node_modules\mongoose\lib\schemaType.js:1288:12)
    at SchemaType.castForQuery (C:\Users\jakeg\OneDrive\Documents\Dev\IMT598C\aibotversion2\node_modules\mongoose\lib\schemaType.js:1724:17)
    at cast (C:\Users\jakeg\OneDrive\Documents\Dev\IMT598C\aibotversion2\node_modules\mongoose\lib\cast.js:390:32)
    at Query.cast (C:\Users\jakeg\OneDrive\Documents\Dev\IMT598C\aibotversion2\node_modules\mongoose\lib\query.js:5060:12)
    at Query._castConditions (C:\Users\jakeg\OneDrive\Documents\Dev\IMT598C\aibotversion2\node_modules\mongoose\lib\query.js:2374:10)
    at model.Query._findOne (C:\Users\jakeg\OneDrive\Documents\Dev\IMT598C\aibotversion2\node_modules\mongoose\lib\query.js:2697:8)
    at model.Query.exec (C:\Users\jakeg\OneDrive\Documents\Dev\IMT598C\aibotversion2\node_modules\mongoose\lib\query.js:4627:80)
    at process.processTicksAndRejections (node:internal/process/task_queues:103:5)
    at async C:\Users\jakeg\OneDrive\Documents\Dev\IMT598C\aibotversion2\routes\tickets.js:36:15
GET /api/tickets/:id error: CastError: Cast to ObjectId failed for value "admin" (type string) at path "_id" for model "Ticket"
    at SchemaObjectId.cast (C:\Users\jakeg\OneDrive\Documents\Dev\IMT598C\aibotversion2\node_modules\mongoose\lib\schema\objectId.js:253:11)
    at SchemaType.applySetters (C:\Users\jakeg\OneDrive\Documents\Dev\IMT598C\aibotversion2\node_modules\mongoose\lib\schemaType.js:1288:12)
    at SchemaType.castForQuery (C:\Users\jakeg\OneDrive\Documents\Dev\IMT598C\aibotversion2\node_modules\mongoose\lib\schemaType.js:1724:17)
    at cast (C:\Users\jakeg\OneDrive\Documents\Dev\IMT598C\aibotversion2\node_modules\mongoose\lib\cast.js:390:32)
    at Query.cast (C:\Users\jakeg\OneDrive\Documents\Dev\IMT598C\aibotversion2\node_modules\mongoose\lib\query.js:5060:12)
    at Query._castConditions (C:\Users\jakeg\OneDrive\Documents\Dev\IMT598C\aibotversion2\node_modules\mongoose\lib\query.js:2374:10)
    at model.Query._findOne (C:\Users\jakeg\OneDrive\Documents\Dev\IMT598C\aibotversion2\node_modules\mongoose\lib\query.js:2697:8)
    at model.Query.exec (C:\Users\jakeg\OneDrive\Documents\Dev\IMT598C\aibotversion2\node_modules\mongoose\lib\query.js:4627:80)
    at process.processTicksAndRejections (node:internal/process/task_queues:103:5)
    at async C:\Users\jakeg\OneDrive\Documents\Dev\IMT598C\aibotversion2\routes\tickets.js:36:15
